{"/Users/attasiem/Desktop/Coin/App.tsx": {"path":"/Users/attasiem/Desktop/Coin/App.tsx","statementMap":{"0":{"start":{"line":15,"column":20},"end":{"line":15,"column":37}},"1":{"start":{"line":17,"column":12},"end":{"line":25,"column":1}},"2":{"start":{"line":18,"column":2},"end":{"line":24,"column":4}}},"fnMap":{"0":{"name":"(anonymous_0)","decl":{"start":{"line":17,"column":12},"end":{"line":17,"column":13}},"loc":{"start":{"line":17,"column":18},"end":{"line":25,"column":1}},"line":17}},"branchMap":{},"s":{"0":1,"1":1,"2":1},"f":{"0":1},"b":{},"_coverageSchema":"1a1c01bbd47fc00a2c39e90264f33305004495a9","hash":"10fc484fb5cf9f15b419d4a50f1e60480fa46f5d"}
,"/Users/attasiem/Desktop/Coin/assetsTransformer.js": {"path":"/Users/attasiem/Desktop/Coin/assetsTransformer.js","statementMap":{"0":{"start":{"line":1,"column":13},"end":{"line":1,"column":28}},"1":{"start":{"line":3,"column":0},"end":{"line":7,"column":2}},"2":{"start":{"line":5,"column":4},"end":{"line":5,"column":79}}},"fnMap":{"0":{"name":"(anonymous_0)","decl":{"start":{"line":4,"column":2},"end":{"line":4,"column":3}},"loc":{"start":{"line":4,"column":42},"end":{"line":6,"column":3}},"line":4}},"branchMap":{},"s":{"0":1,"1":1,"2":0},"f":{"0":0},"b":{},"_coverageSchema":"1a1c01bbd47fc00a2c39e90264f33305004495a9","hash":"c377102511e4eb653ae01a2cba7b26be9b5569c1"}
,"/Users/attasiem/Desktop/Coin/src/constants.ts": {"path":"/Users/attasiem/Desktop/Coin/src/constants.ts","statementMap":{"0":{"start":{"line":1,"column":24},"end":{"line":1,"column":59}}},"fnMap":{},"branchMap":{},"s":{"0":1},"f":{},"b":{},"_coverageSchema":"1a1c01bbd47fc00a2c39e90264f33305004495a9","hash":"45b4f781b93c04614bed11f515a32645470ad670"}
,"/Users/attasiem/Desktop/Coin/src/components/CoinItem/CoinItem.tsx": {"path":"/Users/attasiem/Desktop/Coin/src/components/CoinItem/CoinItem.tsx","statementMap":{"0":{"start":{"line":16,"column":34},"end":{"line":32,"column":1}},"1":{"start":{"line":17,"column":2},"end":{"line":31,"column":4}}},"fnMap":{"0":{"name":"(anonymous_0)","decl":{"start":{"line":16,"column":34},"end":{"line":16,"column":35}},"loc":{"start":{"line":16,"column":62},"end":{"line":32,"column":1}},"line":16}},"branchMap":{"0":{"loc":{"start":{"line":19,"column":7},"end":{"line":27,"column":7}},"type":"binary-expr","locations":[{"start":{"line":19,"column":7},"end":{"line":19,"column":10}},{"start":{"line":20,"column":8},"end":{"line":26,"column":10}}],"line":19}},"s":{"0":1,"1":0},"f":{"0":0},"b":{"0":[0,0]},"_coverageSchema":"1a1c01bbd47fc00a2c39e90264f33305004495a9","hash":"416850c228fd572432f1b1152e3f75048aa58597"}
,"/Users/attasiem/Desktop/Coin/src/components/CoinItem/styles.ts": {"path":"/Users/attasiem/Desktop/Coin/src/components/CoinItem/styles.ts","statementMap":{},"fnMap":{},"branchMap":{},"s":{},"f":{},"b":{},"_coverageSchema":"1a1c01bbd47fc00a2c39e90264f33305004495a9","hash":"f108aff1409c515fed0f343a0f29f4ef3cb804a1"}
,"/Users/attasiem/Desktop/Coin/src/components/TrendItem/TrendItem.tsx": {"path":"/Users/attasiem/Desktop/Coin/src/components/TrendItem/TrendItem.tsx","statementMap":{"0":{"start":{"line":16,"column":35},"end":{"line":33,"column":1}},"1":{"start":{"line":17,"column":2},"end":{"line":32,"column":4}}},"fnMap":{"0":{"name":"(anonymous_0)","decl":{"start":{"line":16,"column":35},"end":{"line":16,"column":36}},"loc":{"start":{"line":16,"column":54},"end":{"line":33,"column":1}},"line":16}},"branchMap":{"0":{"loc":{"start":{"line":19,"column":7},"end":{"line":27,"column":7}},"type":"binary-expr","locations":[{"start":{"line":19,"column":7},"end":{"line":19,"column":10}},{"start":{"line":20,"column":8},"end":{"line":26,"column":10}}],"line":19}},"s":{"0":1,"1":0},"f":{"0":0},"b":{"0":[0,0]},"_coverageSchema":"1a1c01bbd47fc00a2c39e90264f33305004495a9","hash":"77ff06437d4b9fbf8b0155b684991fbb1d3c8371"}
,"/Users/attasiem/Desktop/Coin/src/components/TrendItem/styles.ts": {"path":"/Users/attasiem/Desktop/Coin/src/components/TrendItem/styles.ts","statementMap":{},"fnMap":{},"branchMap":{},"s":{},"f":{},"b":{},"_coverageSchema":"1a1c01bbd47fc00a2c39e90264f33305004495a9","hash":"87befac6868ac7e3c4734e2a465415457d958c38"}
,"/Users/attasiem/Desktop/Coin/src/navigation/homeNav.tsx": {"path":"/Users/attasiem/Desktop/Coin/src/navigation/homeNav.tsx","statementMap":{"0":{"start":{"line":17,"column":14},"end":{"line":17,"column":59}},"1":{"start":{"line":19,"column":19},"end":{"line":26,"column":1}},"2":{"start":{"line":20,"column":2},"end":{"line":25,"column":4}}},"fnMap":{"0":{"name":"(anonymous_0)","decl":{"start":{"line":19,"column":19},"end":{"line":19,"column":20}},"loc":{"start":{"line":19,"column":25},"end":{"line":26,"column":1}},"line":19}},"branchMap":{},"s":{"0":1,"1":1,"2":0},"f":{"0":0},"b":{},"_coverageSchema":"1a1c01bbd47fc00a2c39e90264f33305004495a9","hash":"b425dfb0c1b50d92557a84115c82f4b71519da88"}
,"/Users/attasiem/Desktop/Coin/src/navigation/index.tsx": {"path":"/Users/attasiem/Desktop/Coin/src/navigation/index.tsx","statementMap":{"0":{"start":{"line":10,"column":12},"end":{"line":10,"column":38}},"1":{"start":{"line":12,"column":19},"end":{"line":52,"column":1}},"2":{"start":{"line":13,"column":2},"end":{"line":51,"column":4}},"3":{"start":{"line":22,"column":14},"end":{"line":28,"column":21}},"4":{"start":{"line":37,"column":14},"end":{"line":43,"column":21}}},"fnMap":{"0":{"name":"(anonymous_0)","decl":{"start":{"line":12,"column":19},"end":{"line":12,"column":20}},"loc":{"start":{"line":12,"column":25},"end":{"line":52,"column":1}},"line":12},"1":{"name":"(anonymous_1)","decl":{"start":{"line":21,"column":24},"end":{"line":21,"column":25}},"loc":{"start":{"line":22,"column":14},"end":{"line":28,"column":21}},"line":22},"2":{"name":"(anonymous_2)","decl":{"start":{"line":36,"column":24},"end":{"line":36,"column":25}},"loc":{"start":{"line":37,"column":14},"end":{"line":43,"column":21}},"line":37}},"branchMap":{"0":{"loc":{"start":{"line":25,"column":61},"end":{"line":25,"column":86}},"type":"cond-expr","locations":[{"start":{"line":25,"column":71},"end":{"line":25,"column":77}},{"start":{"line":25,"column":80},"end":{"line":25,"column":86}}],"line":25},"1":{"loc":{"start":{"line":40,"column":61},"end":{"line":40,"column":86}},"type":"cond-expr","locations":[{"start":{"line":40,"column":71},"end":{"line":40,"column":77}},{"start":{"line":40,"column":80},"end":{"line":40,"column":86}}],"line":40}},"s":{"0":1,"1":1,"2":0,"3":0,"4":0},"f":{"0":0,"1":0,"2":0},"b":{"0":[0,0],"1":[0,0]},"_coverageSchema":"1a1c01bbd47fc00a2c39e90264f33305004495a9","hash":"e9fe24da9988719b59f65b2aa0a73b72c5d9020e"}
,"/Users/attasiem/Desktop/Coin/src/navigation/trendNav.tsx": {"path":"/Users/attasiem/Desktop/Coin/src/navigation/trendNav.tsx","statementMap":{"0":{"start":{"line":17,"column":14},"end":{"line":17,"column":59}},"1":{"start":{"line":19,"column":19},"end":{"line":25,"column":1}},"2":{"start":{"line":20,"column":2},"end":{"line":24,"column":4}}},"fnMap":{"0":{"name":"(anonymous_0)","decl":{"start":{"line":19,"column":19},"end":{"line":19,"column":20}},"loc":{"start":{"line":19,"column":25},"end":{"line":25,"column":1}},"line":19}},"branchMap":{},"s":{"0":1,"1":1,"2":0},"f":{"0":0},"b":{},"_coverageSchema":"1a1c01bbd47fc00a2c39e90264f33305004495a9","hash":"7f84671eec256ac4689d84e7c8e3c35eb83c9061"}
,"/Users/attasiem/Desktop/Coin/src/queries/coins.ts": {"path":"/Users/attasiem/Desktop/Coin/src/queries/coins.ts","statementMap":{"0":{"start":{"line":3,"column":26},"end":{"line":6,"column":1}},"1":{"start":{"line":4,"column":14},"end":{"line":4,"column":36}},"2":{"start":{"line":5,"column":2},"end":{"line":5,"column":13}},"3":{"start":{"line":8,"column":25},"end":{"line":11,"column":1}},"4":{"start":{"line":9,"column":14},"end":{"line":9,"column":37}},"5":{"start":{"line":10,"column":2},"end":{"line":10,"column":13}},"6":{"start":{"line":13,"column":27},"end":{"line":16,"column":1}},"7":{"start":{"line":14,"column":14},"end":{"line":14,"column":45}},"8":{"start":{"line":15,"column":2},"end":{"line":15,"column":13}},"9":{"start":{"line":18,"column":26},"end":{"line":21,"column":1}},"10":{"start":{"line":19,"column":14},"end":{"line":19,"column":40}},"11":{"start":{"line":20,"column":2},"end":{"line":20,"column":13}}},"fnMap":{"0":{"name":"(anonymous_0)","decl":{"start":{"line":3,"column":26},"end":{"line":3,"column":27}},"loc":{"start":{"line":3,"column":38},"end":{"line":6,"column":1}},"line":3},"1":{"name":"(anonymous_1)","decl":{"start":{"line":8,"column":25},"end":{"line":8,"column":26}},"loc":{"start":{"line":8,"column":47},"end":{"line":11,"column":1}},"line":8},"2":{"name":"(anonymous_2)","decl":{"start":{"line":13,"column":27},"end":{"line":13,"column":28}},"loc":{"start":{"line":13,"column":51},"end":{"line":16,"column":1}},"line":13},"3":{"name":"(anonymous_3)","decl":{"start":{"line":18,"column":26},"end":{"line":18,"column":27}},"loc":{"start":{"line":18,"column":38},"end":{"line":21,"column":1}},"line":18}},"branchMap":{},"s":{"0":1,"1":0,"2":0,"3":1,"4":0,"5":0,"6":1,"7":0,"8":0,"9":1,"10":0,"11":0},"f":{"0":0,"1":0,"2":0,"3":0},"b":{},"_coverageSchema":"1a1c01bbd47fc00a2c39e90264f33305004495a9","hash":"a94c5bf7141e23f8364a30e48dbb8d3bf8282f09"}
,"/Users/attasiem/Desktop/Coin/src/screens/details/Detail.tsx": {"path":"/Users/attasiem/Desktop/Coin/src/screens/details/Detail.tsx","statementMap":{"0":{"start":{"line":22,"column":33},"end":{"line":69,"column":1}},"1":{"start":{"line":23,"column":22},"end":{"line":23,"column":38}},"2":{"start":{"line":25,"column":50},"end":{"line":27,"column":3}},"3":{"start":{"line":26,"column":4},"end":{"line":26,"column":30}},"4":{"start":{"line":29,"column":2},"end":{"line":31,"column":9}},"5":{"start":{"line":30,"column":4},"end":{"line":30,"column":54}},"6":{"start":{"line":33,"column":2},"end":{"line":33,"column":57}},"7":{"start":{"line":35,"column":2},"end":{"line":68,"column":4}}},"fnMap":{"0":{"name":"(anonymous_0)","decl":{"start":{"line":22,"column":33},"end":{"line":22,"column":34}},"loc":{"start":{"line":22,"column":48},"end":{"line":69,"column":1}},"line":22},"1":{"name":"(anonymous_1)","decl":{"start":{"line":25,"column":67},"end":{"line":25,"column":68}},"loc":{"start":{"line":26,"column":4},"end":{"line":26,"column":30}},"line":26},"2":{"name":"(anonymous_2)","decl":{"start":{"line":29,"column":12},"end":{"line":29,"column":13}},"loc":{"start":{"line":29,"column":18},"end":{"line":31,"column":3}},"line":29}},"branchMap":{"0":{"loc":{"start":{"line":39,"column":11},"end":{"line":64,"column":11}},"type":"cond-expr","locations":[{"start":{"line":40,"column":12},"end":{"line":40,"column":33}},{"start":{"line":42,"column":12},"end":{"line":63,"column":15}}],"line":39}},"s":{"0":1,"1":0,"2":0,"3":0,"4":0,"5":0,"6":0,"7":0},"f":{"0":0,"1":0,"2":0},"b":{"0":[0,0]},"_coverageSchema":"1a1c01bbd47fc00a2c39e90264f33305004495a9","hash":"1ae3657fdb709466ee4b3fce07690b9c9d43bb56"}
,"/Users/attasiem/Desktop/Coin/src/screens/details/styles.ts": {"path":"/Users/attasiem/Desktop/Coin/src/screens/details/styles.ts","statementMap":{},"fnMap":{},"branchMap":{},"s":{},"f":{},"b":{},"_coverageSchema":"1a1c01bbd47fc00a2c39e90264f33305004495a9","hash":"b77d5afe14f965d2f46635925c32a829f4c5124c"}
,"/Users/attasiem/Desktop/Coin/src/screens/home/Home.tsx": {"path":"/Users/attasiem/Desktop/Coin/src/screens/home/Home.tsx","statementMap":{"0":{"start":{"line":21,"column":13},"end":{"line":75,"column":1}},"1":{"start":{"line":22,"column":26},"end":{"line":22,"column":38}},"2":{"start":{"line":23,"column":40},"end":{"line":23,"column":52}},"3":{"start":{"line":25,"column":21},"end":{"line":25,"column":80}},"4":{"start":{"line":26,"column":59},"end":{"line":28,"column":3}},"5":{"start":{"line":27,"column":4},"end":{"line":27,"column":28}},"6":{"start":{"line":30,"column":21},"end":{"line":36,"column":3}},"7":{"start":{"line":31,"column":4},"end":{"line":35,"column":6}},"8":{"start":{"line":33,"column":21},"end":{"line":33,"column":85}},"9":{"start":{"line":38,"column":20},"end":{"line":40,"column":3}},"10":{"start":{"line":39,"column":4},"end":{"line":39,"column":22}},"11":{"start":{"line":42,"column":25},"end":{"line":45,"column":3}},"12":{"start":{"line":43,"column":4},"end":{"line":43,"column":25}},"13":{"start":{"line":44,"column":4},"end":{"line":44,"column":14}},"14":{"start":{"line":47,"column":2},"end":{"line":74,"column":4}},"15":{"start":{"line":59,"column":32},"end":{"line":59,"column":39}},"16":{"start":{"line":63,"column":28},"end":{"line":63,"column":39}},"17":{"start":{"line":71,"column":36},"end":{"line":71,"column":92}}},"fnMap":{"0":{"name":"(anonymous_0)","decl":{"start":{"line":21,"column":13},"end":{"line":21,"column":14}},"loc":{"start":{"line":21,"column":19},"end":{"line":75,"column":1}},"line":21},"1":{"name":"(anonymous_1)","decl":{"start":{"line":26,"column":84},"end":{"line":26,"column":85}},"loc":{"start":{"line":27,"column":4},"end":{"line":27,"column":28}},"line":27},"2":{"name":"(anonymous_2)","decl":{"start":{"line":30,"column":21},"end":{"line":30,"column":22}},"loc":{"start":{"line":31,"column":4},"end":{"line":35,"column":6}},"line":31},"3":{"name":"(anonymous_3)","decl":{"start":{"line":33,"column":15},"end":{"line":33,"column":16}},"loc":{"start":{"line":33,"column":21},"end":{"line":33,"column":85}},"line":33},"4":{"name":"(anonymous_4)","decl":{"start":{"line":38,"column":20},"end":{"line":38,"column":21}},"loc":{"start":{"line":38,"column":32},"end":{"line":40,"column":3}},"line":38},"5":{"name":"(anonymous_5)","decl":{"start":{"line":42,"column":25},"end":{"line":42,"column":26}},"loc":{"start":{"line":42,"column":49},"end":{"line":45,"column":3}},"line":42},"6":{"name":"(anonymous_6)","decl":{"start":{"line":59,"column":22},"end":{"line":59,"column":23}},"loc":{"start":{"line":59,"column":32},"end":{"line":59,"column":39}},"line":59},"7":{"name":"(anonymous_7)","decl":{"start":{"line":63,"column":22},"end":{"line":63,"column":23}},"loc":{"start":{"line":63,"column":28},"end":{"line":63,"column":39}},"line":63},"8":{"name":"(anonymous_8)","decl":{"start":{"line":71,"column":29},"end":{"line":71,"column":30}},"loc":{"start":{"line":71,"column":36},"end":{"line":71,"column":92}},"line":71}},"branchMap":{"0":{"loc":{"start":{"line":66,"column":13},"end":{"line":66,"column":82}},"type":"binary-expr","locations":[{"start":{"line":66,"column":13},"end":{"line":66,"column":20}},{"start":{"line":66,"column":24},"end":{"line":66,"column":82}}],"line":66},"1":{"loc":{"start":{"line":67,"column":13},"end":{"line":67,"column":79}},"type":"binary-expr","locations":[{"start":{"line":67,"column":13},"end":{"line":67,"column":22}},{"start":{"line":67,"column":26},"end":{"line":67,"column":79}}],"line":67},"2":{"loc":{"start":{"line":68,"column":13},"end":{"line":68,"column":93}},"type":"binary-expr","locations":[{"start":{"line":68,"column":13},"end":{"line":68,"column":22}},{"start":{"line":68,"column":26},"end":{"line":68,"column":49}},{"start":{"line":68,"column":53},"end":{"line":68,"column":93}}],"line":68},"3":{"loc":{"start":{"line":71,"column":36},"end":{"line":71,"column":92}},"type":"cond-expr","locations":[{"start":{"line":71,"column":48},"end":{"line":71,"column":85}},{"start":{"line":71,"column":88},"end":{"line":71,"column":92}}],"line":71}},"s":{"0":1,"1":0,"2":0,"3":0,"4":0,"5":0,"6":0,"7":0,"8":0,"9":0,"10":0,"11":0,"12":0,"13":0,"14":0,"15":0,"16":0,"17":0},"f":{"0":0,"1":0,"2":0,"3":0,"4":0,"5":0,"6":0,"7":0,"8":0},"b":{"0":[0,0],"1":[0,0],"2":[0,0,0],"3":[0,0]},"_coverageSchema":"1a1c01bbd47fc00a2c39e90264f33305004495a9","hash":"0d2c05fdedb4c30ba953a45e1758eec5c0e50060"}
,"/Users/attasiem/Desktop/Coin/src/screens/home/styles.ts": {"path":"/Users/attasiem/Desktop/Coin/src/screens/home/styles.ts","statementMap":{},"fnMap":{},"branchMap":{"0":{"loc":{"start":{"line":6,"column":15},"end":{"line":6,"column":43}},"type":"binary-expr","locations":[{"start":{"line":6,"column":15},"end":{"line":6,"column":38}},{"start":{"line":6,"column":42},"end":{"line":6,"column":43}}],"line":6}},"s":{},"f":{},"b":{"0":[1,1]},"_coverageSchema":"1a1c01bbd47fc00a2c39e90264f33305004495a9","hash":"746e5ad4f62ec5fdd2349e19254360af46de879e"}
,"/Users/attasiem/Desktop/Coin/src/screens/trending/Trending.tsx": {"path":"/Users/attasiem/Desktop/Coin/src/screens/trending/Trending.tsx","statementMap":{"0":{"start":{"line":18,"column":17},"end":{"line":53,"column":1}},"1":{"start":{"line":19,"column":26},"end":{"line":19,"column":38}},"2":{"start":{"line":20,"column":59},"end":{"line":20,"column":89}},"3":{"start":{"line":22,"column":21},"end":{"line":27,"column":3}},"4":{"start":{"line":23,"column":4},"end":{"line":26,"column":6}},"5":{"start":{"line":29,"column":20},"end":{"line":31,"column":3}},"6":{"start":{"line":30,"column":4},"end":{"line":30,"column":22}},"7":{"start":{"line":32,"column":2},"end":{"line":52,"column":4}},"8":{"start":{"line":37,"column":32},"end":{"line":37,"column":44}},"9":{"start":{"line":41,"column":28},"end":{"line":41,"column":39}},"10":{"start":{"line":49,"column":36},"end":{"line":49,"column":92}}},"fnMap":{"0":{"name":"(anonymous_0)","decl":{"start":{"line":18,"column":17},"end":{"line":18,"column":18}},"loc":{"start":{"line":18,"column":23},"end":{"line":53,"column":1}},"line":18},"1":{"name":"(anonymous_1)","decl":{"start":{"line":22,"column":21},"end":{"line":22,"column":22}},"loc":{"start":{"line":23,"column":4},"end":{"line":26,"column":6}},"line":23},"2":{"name":"(anonymous_2)","decl":{"start":{"line":29,"column":20},"end":{"line":29,"column":21}},"loc":{"start":{"line":29,"column":32},"end":{"line":31,"column":3}},"line":29},"3":{"name":"(anonymous_3)","decl":{"start":{"line":37,"column":22},"end":{"line":37,"column":23}},"loc":{"start":{"line":37,"column":32},"end":{"line":37,"column":44}},"line":37},"4":{"name":"(anonymous_4)","decl":{"start":{"line":41,"column":22},"end":{"line":41,"column":23}},"loc":{"start":{"line":41,"column":28},"end":{"line":41,"column":39}},"line":41},"5":{"name":"(anonymous_5)","decl":{"start":{"line":49,"column":29},"end":{"line":49,"column":30}},"loc":{"start":{"line":49,"column":36},"end":{"line":49,"column":92}},"line":49}},"branchMap":{"0":{"loc":{"start":{"line":44,"column":13},"end":{"line":44,"column":82}},"type":"binary-expr","locations":[{"start":{"line":44,"column":13},"end":{"line":44,"column":20}},{"start":{"line":44,"column":24},"end":{"line":44,"column":82}}],"line":44},"1":{"loc":{"start":{"line":45,"column":13},"end":{"line":45,"column":79}},"type":"binary-expr","locations":[{"start":{"line":45,"column":13},"end":{"line":45,"column":22}},{"start":{"line":45,"column":26},"end":{"line":45,"column":79}}],"line":45},"2":{"loc":{"start":{"line":46,"column":13},"end":{"line":46,"column":93}},"type":"binary-expr","locations":[{"start":{"line":46,"column":13},"end":{"line":46,"column":22}},{"start":{"line":46,"column":26},"end":{"line":46,"column":49}},{"start":{"line":46,"column":53},"end":{"line":46,"column":93}}],"line":46},"3":{"loc":{"start":{"line":49,"column":36},"end":{"line":49,"column":92}},"type":"cond-expr","locations":[{"start":{"line":49,"column":48},"end":{"line":49,"column":85}},{"start":{"line":49,"column":88},"end":{"line":49,"column":92}}],"line":49}},"s":{"0":1,"1":0,"2":0,"3":0,"4":0,"5":0,"6":0,"7":0,"8":0,"9":0,"10":0},"f":{"0":0,"1":0,"2":0,"3":0,"4":0,"5":0},"b":{"0":[0,0],"1":[0,0],"2":[0,0,0],"3":[0,0]},"_coverageSchema":"1a1c01bbd47fc00a2c39e90264f33305004495a9","hash":"7cc2018c4a5a6e022b7f3d760cd3f7ae44b68ac6"}
,"/Users/attasiem/Desktop/Coin/src/screens/trending/styles.ts": {"path":"/Users/attasiem/Desktop/Coin/src/screens/trending/styles.ts","statementMap":{},"fnMap":{},"branchMap":{"0":{"loc":{"start":{"line":6,"column":15},"end":{"line":6,"column":43}},"type":"binary-expr","locations":[{"start":{"line":6,"column":15},"end":{"line":6,"column":38}},{"start":{"line":6,"column":42},"end":{"line":6,"column":43}}],"line":6}},"s":{},"f":{},"b":{"0":[1,1]},"_coverageSchema":"1a1c01bbd47fc00a2c39e90264f33305004495a9","hash":"ac3aa7904850f18425913def0f3aaf366eb43557"}
,"/Users/attasiem/Desktop/Coin/src/services/apiHandler.ts": {"path":"/Users/attasiem/Desktop/Coin/src/services/apiHandler.ts","statementMap":{"0":{"start":{"line":6,"column":4},"end":{"line":6,"column":55}},"1":{"start":{"line":8,"column":41},"end":{"line":8,"column":83}},"2":{"start":{"line":10,"column":4},"end":{"line":10,"column":51}},"3":{"start":{"line":13,"column":4},"end":{"line":13,"column":48}}},"fnMap":{"0":{"name":"(anonymous_0)","decl":{"start":{"line":5,"column":8},"end":{"line":5,"column":9}},"loc":{"start":{"line":5,"column":42},"end":{"line":7,"column":3}},"line":5},"1":{"name":"(anonymous_1)","decl":{"start":{"line":8,"column":7},"end":{"line":8,"column":8}},"loc":{"start":{"line":8,"column":41},"end":{"line":8,"column":83}},"line":8},"2":{"name":"(anonymous_2)","decl":{"start":{"line":9,"column":10},"end":{"line":9,"column":11}},"loc":{"start":{"line":9,"column":33},"end":{"line":11,"column":3}},"line":9},"3":{"name":"(anonymous_3)","decl":{"start":{"line":12,"column":7},"end":{"line":12,"column":8}},"loc":{"start":{"line":12,"column":30},"end":{"line":14,"column":3}},"line":12}},"branchMap":{},"s":{"0":0,"1":0,"2":0,"3":0},"f":{"0":0,"1":0,"2":0,"3":0},"b":{},"_coverageSchema":"1a1c01bbd47fc00a2c39e90264f33305004495a9","hash":"b550290acccd4798482bd2a4fa8b6b0167a91196"}
,"/Users/attasiem/Desktop/Coin/src/services/axiosInstance.ts": {"path":"/Users/attasiem/Desktop/Coin/src/services/axiosInstance.ts","statementMap":{"0":{"start":{"line":3,"column":25},"end":{"line":3,"column":39}},"1":{"start":{"line":6,"column":0},"end":{"line":17,"column":2}},"2":{"start":{"line":8,"column":4},"end":{"line":10,"column":6}},"3":{"start":{"line":11,"column":4},"end":{"line":11,"column":28}},"4":{"start":{"line":12,"column":4},"end":{"line":12,"column":18}},"5":{"start":{"line":15,"column":4},"end":{"line":15,"column":26}},"6":{"start":{"line":20,"column":0},"end":{"line":27,"column":2}},"7":{"start":{"line":22,"column":4},"end":{"line":22,"column":20}},"8":{"start":{"line":25,"column":4},"end":{"line":25,"column":33}}},"fnMap":{"0":{"name":"(anonymous_0)","decl":{"start":{"line":7,"column":2},"end":{"line":7,"column":3}},"loc":{"start":{"line":7,"column":45},"end":{"line":13,"column":3}},"line":7},"1":{"name":"(anonymous_1)","decl":{"start":{"line":14,"column":2},"end":{"line":14,"column":3}},"loc":{"start":{"line":14,"column":13},"end":{"line":16,"column":3}},"line":14},"2":{"name":"(anonymous_2)","decl":{"start":{"line":21,"column":2},"end":{"line":21,"column":3}},"loc":{"start":{"line":21,"column":16},"end":{"line":23,"column":3}},"line":21},"3":{"name":"(anonymous_3)","decl":{"start":{"line":24,"column":2},"end":{"line":24,"column":3}},"loc":{"start":{"line":24,"column":25},"end":{"line":26,"column":3}},"line":24}},"branchMap":{},"s":{"0":1,"1":1,"2":0,"3":0,"4":0,"5":0,"6":1,"7":0,"8":0},"f":{"0":0,"1":0,"2":0,"3":0},"b":{},"_coverageSchema":"1a1c01bbd47fc00a2c39e90264f33305004495a9","hash":"649d1d7723cdb46a5bb22ffb1dd35aa02afbfd50"}
,"/Users/attasiem/Desktop/Coin/src/services/apis/coinsApi.ts": {"path":"/Users/attasiem/Desktop/Coin/src/services/apis/coinsApi.ts","statementMap":{"0":{"start":{"line":4,"column":15},"end":{"line":4,"column":43}},"1":{"start":{"line":5,"column":24},"end":{"line":5,"column":53}},"2":{"start":{"line":6,"column":32},"end":{"line":6,"column":70}},"3":{"start":{"line":7,"column":19},"end":{"line":7,"column":52}}},"fnMap":{"0":{"name":"(anonymous_0)","decl":{"start":{"line":4,"column":9},"end":{"line":4,"column":10}},"loc":{"start":{"line":4,"column":15},"end":{"line":4,"column":43}},"line":4},"1":{"name":"(anonymous_1)","decl":{"start":{"line":5,"column":8},"end":{"line":5,"column":9}},"loc":{"start":{"line":5,"column":24},"end":{"line":5,"column":53}},"line":5},"2":{"name":"(anonymous_2)","decl":{"start":{"line":6,"column":14},"end":{"line":6,"column":15}},"loc":{"start":{"line":6,"column":32},"end":{"line":6,"column":70}},"line":6},"3":{"name":"(anonymous_3)","decl":{"start":{"line":7,"column":13},"end":{"line":7,"column":14}},"loc":{"start":{"line":7,"column":19},"end":{"line":7,"column":52}},"line":7}},"branchMap":{},"s":{"0":0,"1":0,"2":0,"3":0},"f":{"0":0,"1":0,"2":0,"3":0},"b":{},"_coverageSchema":"1a1c01bbd47fc00a2c39e90264f33305004495a9","hash":"df7250b5bab3fa38ac8fca291dd212a33f3a4f56"}
}
