TN:
SF:App.tsx
FN:17,(anonymous_0)
FNF:1
FNH:1
FNDA:1,(anonymous_0)
DA:15,1
DA:17,1
DA:18,1
LF:3
LH:3
BRF:0
BRH:0
end_of_record
TN:
SF:assetsTransformer.js
FN:4,(anonymous_0)
FNF:1
FNH:0
FNDA:0,(anonymous_0)
DA:1,1
DA:3,1
DA:5,0
LF:3
LH:2
BRF:0
BRH:0
end_of_record
TN:
SF:src/constants.ts
FNF:0
FNH:0
DA:1,1
LF:1
LH:1
BRF:0
BRH:0
end_of_record
TN:
SF:src/components/CoinItem/CoinItem.tsx
FN:16,(anonymous_0)
FNF:1
FNH:0
FNDA:0,(anonymous_0)
DA:16,1
DA:17,0
LF:2
LH:1
BRDA:19,0,0,0
BRDA:19,0,1,0
BRF:2
BRH:0
end_of_record
TN:
SF:src/components/CoinItem/styles.ts
FNF:0
FNH:0
LF:0
LH:0
BRF:0
BRH:0
end_of_record
TN:
SF:src/components/TrendItem/TrendItem.tsx
FN:16,(anonymous_0)
FNF:1
FNH:0
FNDA:0,(anonymous_0)
DA:16,1
DA:17,0
LF:2
LH:1
BRDA:19,0,0,0
BRDA:19,0,1,0
BRF:2
BRH:0
end_of_record
TN:
SF:src/components/TrendItem/styles.ts
FNF:0
FNH:0
LF:0
LH:0
BRF:0
BRH:0
end_of_record
TN:
SF:src/navigation/homeNav.tsx
FN:19,(anonymous_0)
FNF:1
FNH:0
FNDA:0,(anonymous_0)
DA:17,1
DA:19,1
DA:20,0
LF:3
LH:2
BRF:0
BRH:0
end_of_record
TN:
SF:src/navigation/index.tsx
FN:12,(anonymous_0)
FN:21,(anonymous_1)
FN:36,(anonymous_2)
FNF:3
FNH:0
FNDA:0,(anonymous_0)
FNDA:0,(anonymous_1)
FNDA:0,(anonymous_2)
DA:10,1
DA:12,1
DA:13,0
DA:22,0
DA:37,0
LF:5
LH:2
BRDA:25,0,0,0
BRDA:25,0,1,0
BRDA:40,1,0,0
BRDA:40,1,1,0
BRF:4
BRH:0
end_of_record
TN:
SF:src/navigation/trendNav.tsx
FN:19,(anonymous_0)
FNF:1
FNH:0
FNDA:0,(anonymous_0)
DA:17,1
DA:19,1
DA:20,0
LF:3
LH:2
BRF:0
BRH:0
end_of_record
TN:
SF:src/queries/coins.ts
FN:3,(anonymous_0)
FN:8,(anonymous_1)
FN:13,(anonymous_2)
FN:18,(anonymous_3)
FNF:4
FNH:0
FNDA:0,(anonymous_0)
FNDA:0,(anonymous_1)
FNDA:0,(anonymous_2)
FNDA:0,(anonymous_3)
DA:3,1
DA:4,0
DA:5,0
DA:8,1
DA:9,0
DA:10,0
DA:13,1
DA:14,0
DA:15,0
DA:18,1
DA:19,0
DA:20,0
LF:12
LH:4
BRF:0
BRH:0
end_of_record
TN:
SF:src/screens/details/Detail.tsx
FN:22,(anonymous_0)
FN:25,(anonymous_1)
FN:29,(anonymous_2)
FNF:3
FNH:0
FNDA:0,(anonymous_0)
FNDA:0,(anonymous_1)
FNDA:0,(anonymous_2)
DA:22,1
DA:23,0
DA:25,0
DA:26,0
DA:29,0
DA:30,0
DA:33,0
DA:35,0
LF:8
LH:1
BRDA:39,0,0,0
BRDA:39,0,1,0
BRF:2
BRH:0
end_of_record
TN:
SF:src/screens/details/styles.ts
FNF:0
FNH:0
LF:0
LH:0
BRF:0
BRH:0
end_of_record
TN:
SF:src/screens/home/Home.tsx
FN:21,(anonymous_0)
FN:26,(anonymous_1)
FN:30,(anonymous_2)
FN:33,(anonymous_3)
FN:38,(anonymous_4)
FN:42,(anonymous_5)
FN:59,(anonymous_6)
FN:63,(anonymous_7)
FN:71,(anonymous_8)
FNF:9
FNH:0
FNDA:0,(anonymous_0)
FNDA:0,(anonymous_1)
FNDA:0,(anonymous_2)
FNDA:0,(anonymous_3)
FNDA:0,(anonymous_4)
FNDA:0,(anonymous_5)
FNDA:0,(anonymous_6)
FNDA:0,(anonymous_7)
FNDA:0,(anonymous_8)
DA:21,1
DA:22,0
DA:23,0
DA:25,0
DA:26,0
DA:27,0
DA:30,0
DA:31,0
DA:33,0
DA:38,0
DA:39,0
DA:42,0
DA:43,0
DA:44,0
DA:47,0
DA:59,0
DA:63,0
DA:71,0
LF:18
LH:1
BRDA:66,0,0,0
BRDA:66,0,1,0
BRDA:67,1,0,0
BRDA:67,1,1,0
BRDA:68,2,0,0
BRDA:68,2,1,0
BRDA:68,2,2,0
BRDA:71,3,0,0
BRDA:71,3,1,0
BRF:9
BRH:0
end_of_record
TN:
SF:src/screens/home/styles.ts
FNF:0
FNH:0
LF:0
LH:0
BRDA:6,0,0,1
BRDA:6,0,1,1
BRF:2
BRH:2
end_of_record
TN:
SF:src/screens/trending/Trending.tsx
FN:18,(anonymous_0)
FN:22,(anonymous_1)
FN:29,(anonymous_2)
FN:37,(anonymous_3)
FN:41,(anonymous_4)
FN:49,(anonymous_5)
FNF:6
FNH:0
FNDA:0,(anonymous_0)
FNDA:0,(anonymous_1)
FNDA:0,(anonymous_2)
FNDA:0,(anonymous_3)
FNDA:0,(anonymous_4)
FNDA:0,(anonymous_5)
DA:18,1
DA:19,0
DA:20,0
DA:22,0
DA:23,0
DA:29,0
DA:30,0
DA:32,0
DA:37,0
DA:41,0
DA:49,0
LF:11
LH:1
BRDA:44,0,0,0
BRDA:44,0,1,0
BRDA:45,1,0,0
BRDA:45,1,1,0
BRDA:46,2,0,0
BRDA:46,2,1,0
BRDA:46,2,2,0
BRDA:49,3,0,0
BRDA:49,3,1,0
BRF:9
BRH:0
end_of_record
TN:
SF:src/screens/trending/styles.ts
FNF:0
FNH:0
LF:0
LH:0
BRDA:6,0,0,1
BRDA:6,0,1,1
BRF:2
BRH:2
end_of_record
TN:
SF:src/services/apiHandler.ts
FN:5,(anonymous_0)
FN:8,(anonymous_1)
FN:9,(anonymous_2)
FN:12,(anonymous_3)
FNF:4
FNH:0
FNDA:0,(anonymous_0)
FNDA:0,(anonymous_1)
FNDA:0,(anonymous_2)
FNDA:0,(anonymous_3)
DA:6,0
DA:8,0
DA:10,0
DA:13,0
LF:4
LH:0
BRF:0
BRH:0
end_of_record
TN:
SF:src/services/axiosInstance.ts
FN:7,(anonymous_0)
FN:14,(anonymous_1)
FN:21,(anonymous_2)
FN:24,(anonymous_3)
FNF:4
FNH:0
FNDA:0,(anonymous_0)
FNDA:0,(anonymous_1)
FNDA:0,(anonymous_2)
FNDA:0,(anonymous_3)
DA:3,1
DA:6,1
DA:8,0
DA:11,0
DA:12,0
DA:15,0
DA:20,1
DA:22,0
DA:25,0
LF:9
LH:3
BRF:0
BRH:0
end_of_record
TN:
SF:src/services/apis/coinsApi.ts
FN:4,(anonymous_0)
FN:5,(anonymous_1)
FN:6,(anonymous_2)
FN:7,(anonymous_3)
FNF:4
FNH:0
FNDA:0,(anonymous_0)
FNDA:0,(anonymous_1)
FNDA:0,(anonymous_2)
FNDA:0,(anonymous_3)
DA:4,0
DA:5,0
DA:6,0
DA:7,0
LF:4
LH:0
BRF:0
BRH:0
end_of_record
